
> richcookson.info@0.1.0 build-storybook
> storybook build --output-dir /var/folders/_g/fgdp3f2906d1t_5p2dtwg4z00000gn/T/chromatic--24304-OBo70bB96w4B

@storybook/cli v8.0.4

info => Cleaning outputDir: ../../../../../var/folders/_g/fgdp3f2906d1t_5p2dtwg4z00000gn/T/chromatic--24304-OBo70bB96w4B
info => Loading presets
info => Building manager..
info => Manager built (119 ms)
info => Building preview..
info => Using implicit CSS loaders
info => Using SWC as compiler
info => Using default Webpack5 setup
info => Copying static files: public at ../../../../../var/folders/_g/fgdp3f2906d1t_5p2dtwg4z00000gn/T/chromatic--24304-OBo70bB96w4B
WARN asset size limit: The following asset(s) exceed the recommended size limit (244 KiB).
WARN This can impact web performance.
WARN Assets: 
WARN   115.9f9508ef.iframe.bundle.js (524 KiB)
WARN   938.6509eef0.iframe.bundle.js (918 KiB)
WARN   685.33492d61.iframe.bundle.js (1.52 MiB)
WARN entrypoint size limit: The following entrypoint(s) combined asset size exceeds the recommended limit (244 KiB). This can impact web performance.
WARN Entrypoints:
WARN   main (928 KiB)
WARN       runtime~main.8ff1c181.iframe.bundle.js
WARN       938.6509eef0.iframe.bundle.js
WARN       main.83131fc2.iframe.bundle.js
WARN 
info => Preview built (2.52 s)
info => Output directory: /var/folders/_g/fgdp3f2906d1t_5p2dtwg4z00000gn/T/chromatic--24304-OBo70bB96w4B
